2023-11-15 12:41:11,499 [1] INFO Log4NetSample.LogUtility.Logger.Info[24] - Starting the console application
2023-11-15 12:41:11,584 [1] DEBUG Log4NetSample.LogUtility.Logger.Debug[20] - Starting {MethodBase.GetCurrentMethod()?.DeclaringType}
2023-11-15 12:41:11,594 [1] ERROR Log4NetSample.LogUtility.Logger.Error[28] - Sample Error inside the try catch block code
2023-11-15 12:41:11,594 [1] DEBUG Log4NetSample.LogUtility.Logger.Debug[20] - Waiting for user input
2023-11-15 12:41:46,397 [1] INFO Log4NetSample.LogUtility.Logger.Info[24] - Starting the console application
2023-11-15 12:41:46,434 [1] DEBUG Log4NetSample.LogUtility.Logger.Debug[20] - Starting {MethodBase.GetCurrentMethod()?.DeclaringType}
2023-11-15 12:41:46,441 [1] ERROR Log4NetSample.LogUtility.Logger.Error[28] - Sample Error inside the try catch block code
2023-11-15 12:41:46,446 [1] DEBUG Log4NetSample.LogUtility.Logger.Debug[20] - Waiting for user input
2023-11-15 12:41:49,114 [1] INFO Log4NetSample.LogUtility.Logger.Info[24] - Ending application
2023-11-15 12:47:06,216 [1] INFO Log4NetSample.LogUtility.Logger.Info[24] - Starting the console application
2023-11-15 12:47:06,265 [1] DEBUG Log4NetSample.LogUtility.Logger.Debug[20] - Starting {MethodBase.GetCurrentMethod()?.DeclaringType}
2023-11-15 12:47:06,273 [1] ERROR Log4NetSample.LogUtility.Logger.Error[28] - Sample Error inside the try catch block code
2023-11-15 12:47:06,273 [1] DEBUG Log4NetSample.LogUtility.Logger.Debug[20] - Waiting for user input
2023-11-15 12:49:56,411 [1] INFO Log4NetSample.LogUtility.Logger.Info[24] - Starting the console application
2023-11-15 12:49:56,457 [1] DEBUG Log4NetSample.LogUtility.Logger.Debug[20] - Starting {MethodBase.GetCurrentMethod()?.DeclaringType}
2023-11-15 12:49:56,465 [1] ERROR Log4NetSample.LogUtility.Logger.Error[28] - Sample Error inside the try catch block code
2023-11-15 12:49:56,466 [1] DEBUG Log4NetSample.LogUtility.Logger.Debug[20] - Waiting for user input
2023-11-15 12:49:59,229 [1] INFO Log4NetSample.LogUtility.Logger.Info[24] - Ending application
2023-11-15 14:20:08,600 [1] INFO Log4NetSample.LogUtility.Logger.Info[24] - Starting the console application
2023-11-15 14:20:08,687 [1] DEBUG Log4NetSample.LogUtility.Logger.Debug[20] - Starting {MethodBase.GetCurrentMethod()?.DeclaringType}
2023-11-15 14:20:08,709 [1] ERROR Log4NetSample.LogUtility.Logger.Error[28] - Sample Error inside the try catch block code
2023-11-15 14:20:08,710 [1] DEBUG Log4NetSample.LogUtility.Logger.Debug[20] - Waiting for user input
2023-11-15 14:20:10,070 [1] INFO Log4NetSample.LogUtility.Logger.Info[24] - Ending application
2023-11-15 14:20:10,079 [1] INFO Log4NetSample.LogUtility.Logger.Info[24] - Cache Server started on port 8081
2023-11-15 14:20:30,101 [11] INFO Log4NetSample.LogUtility.Logger.Info[24] - evictionPolicy: Called:
2023-11-15 14:20:35,768 [1] INFO Log4NetSample.LogUtility.Logger.Info[24] - Connected 127.0.0.1
2023-11-15 14:20:35,786 [13] INFO Log4NetSample.LogUtility.Logger.Info[24] - NotifyCacheUpdated :: eventType: Init | key:  | value:  | ExMessage: 
2023-11-15 14:20:50,900 [1] INFO Log4NetSample.LogUtility.Logger.Info[24] - Connected 127.0.0.1
2023-11-15 14:20:50,912 [15] INFO Log4NetSample.LogUtility.Logger.Info[24] - NotifyCacheUpdated :: eventType: Add | key: saad | value: bilal | ExMessage: 
2023-11-15 14:20:55,806 [18] INFO Log4NetSample.LogUtility.Logger.Info[24] - evictionPolicy: Called:
2023-11-15 14:21:10,945 [18] INFO Log4NetSample.LogUtility.Logger.Info[24] - evictionPolicy: Called:
2023-11-15 14:37:20,386 [1] INFO Log4NetSample.LogUtility.Logger.Info[24] - Starting the console application
2023-11-15 14:37:20,463 [1] DEBUG Log4NetSample.LogUtility.Logger.Debug[20] - Starting {MethodBase.GetCurrentMethod()?.DeclaringType}
2023-11-15 14:37:20,478 [1] ERROR Log4NetSample.LogUtility.Logger.Error[28] - Sample Error inside the try catch block code
2023-11-15 14:37:20,481 [1] DEBUG Log4NetSample.LogUtility.Logger.Debug[20] - Waiting for user input
2023-11-15 14:37:24,597 [1] INFO Log4NetSample.LogUtility.Logger.Info[24] - Ending application
2023-11-15 14:37:24,606 [1] INFO Log4NetSample.LogUtility.Logger.Info[24] - Cache Server started on port 8081
2023-11-15 14:37:36,727 [1] INFO Log4NetSample.LogUtility.Logger.Info[24] - Connected 127.0.0.1
2023-11-15 14:37:36,752 [6] INFO Log4NetSample.LogUtility.Logger.Info[24] - NotifyCacheUpdated :: eventType: Init | key:  | value:  | ExMessage: 
2023-11-15 14:37:44,642 [13] INFO Log4NetSample.LogUtility.Logger.Info[24] - evictionPolicy: Called:
2023-11-15 14:37:47,892 [1] INFO Log4NetSample.LogUtility.Logger.Info[24] - Connected 127.0.0.1
2023-11-15 14:37:47,913 [15] INFO Log4NetSample.LogUtility.Logger.Info[24] - NotifyCacheUpdated :: eventType: Add | key: saad | value: saad | ExMessage: 
2023-11-15 14:37:56,751 [14] INFO Log4NetSample.LogUtility.Logger.Info[24] - evictionPolicy: Called:
2023-11-15 14:38:07,918 [14] INFO Log4NetSample.LogUtility.Logger.Info[24] - evictionPolicy: Called:
2023-11-15 14:38:11,376 [1] INFO Log4NetSample.LogUtility.Logger.Info[24] - Connected 127.0.0.1
2023-11-15 14:38:11,390 [17] INFO Log4NetSample.LogUtility.Logger.Info[24] - NotifyCacheUpdated :: eventType: Remove | key: saad | value:  | ExMessage: 
2023-11-15 14:38:31,401 [19] INFO Log4NetSample.LogUtility.Logger.Info[24] - evictionPolicy: Called:
2023-11-15 14:40:38,093 [1] INFO Log4NetSample.LogUtility.Logger.Info[24] - Connected 127.0.0.1
2023-11-15 14:40:44,736 [1] INFO Log4NetSample.LogUtility.Logger.Info[24] - Connected 127.0.0.1
2023-11-15 14:40:44,744 [23] INFO Log4NetSample.LogUtility.Logger.Info[24] - NotifyCacheUpdated :: eventType: Add | key: saad | value: bilal | ExMessage: 
2023-11-15 14:40:58,119 [25] INFO Log4NetSample.LogUtility.Logger.Info[24] - evictionPolicy: Called:
2023-11-15 14:41:04,753 [26] INFO Log4NetSample.LogUtility.Logger.Info[24] - evictionPolicy: Called:
2023-11-15 14:53:41,566 [1] INFO Log4NetSample.LogUtility.Logger.Info[24] - Starting the console application
2023-11-15 14:53:41,624 [1] DEBUG Log4NetSample.LogUtility.Logger.Debug[20] - Starting {MethodBase.GetCurrentMethod()?.DeclaringType}
2023-11-15 14:53:41,633 [1] ERROR Log4NetSample.LogUtility.Logger.Error[28] - Sample Error inside the try catch block code
2023-11-15 14:53:41,633 [1] DEBUG Log4NetSample.LogUtility.Logger.Debug[20] - Waiting for user input
2023-11-15 14:53:42,472 [1] INFO Log4NetSample.LogUtility.Logger.Info[24] - Ending application
2023-11-15 14:53:42,488 [1] INFO Log4NetSample.LogUtility.Logger.Info[24] - Cache Server started on port 8081
2023-11-15 14:53:49,959 [1] INFO Log4NetSample.LogUtility.Logger.Info[24] - Connected 127.0.0.1
2023-11-15 14:53:49,972 [12] INFO Log4NetSample.LogUtility.Logger.Info[24] - NotifyCacheUpdated :: eventType: Init | key:  | value:  | ExMessage: 
2023-11-15 14:54:02,527 [7] INFO Log4NetSample.LogUtility.Logger.Info[24] - evictionPolicy: Called:
2023-11-15 14:54:09,976 [7] INFO Log4NetSample.LogUtility.Logger.Info[24] - evictionPolicy: Called:
2023-11-15 15:07:07,858 [1] INFO Log4NetSample.LogUtility.Logger.Info[24] - Starting the console application
2023-11-15 15:07:07,899 [1] DEBUG Log4NetSample.LogUtility.Logger.Debug[20] - Starting {MethodBase.GetCurrentMethod()?.DeclaringType}
2023-11-15 15:07:07,907 [1] ERROR Log4NetSample.LogUtility.Logger.Error[28] - Sample Error inside the try catch block code
2023-11-15 15:07:07,907 [1] DEBUG Log4NetSample.LogUtility.Logger.Debug[20] - Waiting for user input
2023-11-15 15:07:10,658 [1] INFO Log4NetSample.LogUtility.Logger.Info[24] - Ending application
2023-11-15 15:07:10,670 [1] INFO Log4NetSample.LogUtility.Logger.Info[24] - Cache Server started on port 8081
2023-11-15 15:07:30,698 [7] INFO Log4NetSample.LogUtility.Logger.Info[24] - evictionPolicy: Called:
2023-11-15 17:39:15,813 [1] INFO Log4NetSample.LogUtility.Logger.Info[24] - Starting the console application
2023-11-15 17:39:15,850 [1] DEBUG Log4NetSample.LogUtility.Logger.Debug[20] - Starting {MethodBase.GetCurrentMethod()?.DeclaringType}
2023-11-15 17:39:15,857 [1] ERROR Log4NetSample.LogUtility.Logger.Error[28] - Sample Error inside the try catch block code
2023-11-15 17:39:15,857 [1] DEBUG Log4NetSample.LogUtility.Logger.Debug[20] - Waiting for user input
2023-11-15 17:39:20,220 [1] INFO Log4NetSample.LogUtility.Logger.Info[24] - Ending application
2023-11-15 17:39:20,229 [1] INFO Log4NetSample.LogUtility.Logger.Info[24] - Cache Server started on port 8081
2023-11-15 17:39:40,262 [7] INFO Log4NetSample.LogUtility.Logger.Info[24] - evictionPolicy: Called:
2023-11-15 17:49:40,473 [1] INFO Log4NetSample.LogUtility.Logger.Info[24] - Connected 127.0.0.1
2023-11-15 17:49:40,490 [13] INFO Log4NetSample.LogUtility.Logger.Info[24] - NotifyCacheUpdated :: eventType: Init | key:  | value:  | ExMessage: 
2023-11-15 17:49:54,190 [1] INFO Log4NetSample.LogUtility.Logger.Info[24] - Connected 127.0.0.1
2023-11-15 17:49:54,228 [15] INFO Log4NetSample.LogUtility.Logger.Info[24] - NotifyCacheUpdated :: eventType: Add | key: saad | value: bilal | ExMessage: 
2023-11-15 17:50:00,512 [17] INFO Log4NetSample.LogUtility.Logger.Info[24] - evictionPolicy: Called:
2023-11-15 17:50:03,543 [1] INFO Log4NetSample.LogUtility.Logger.Info[24] - Connected 127.0.0.1
2023-11-15 17:50:03,549 [19] INFO Log4NetSample.LogUtility.Logger.Info[24] - NotifyCacheUpdated :: eventType: Remove | key: sa | value:  | ExMessage: 
2023-11-15 17:50:13,492 [1] INFO Log4NetSample.LogUtility.Logger.Info[24] - Connected 127.0.0.1
2023-11-15 17:50:13,501 [21] INFO Log4NetSample.LogUtility.Logger.Info[24] - NotifyCacheUpdated :: eventType: Remove | key: 5 | value:  | ExMessage: 
2023-11-15 17:50:14,236 [17] INFO Log4NetSample.LogUtility.Logger.Info[24] - evictionPolicy: Called:
2023-11-15 17:50:22,362 [1] INFO Log4NetSample.LogUtility.Logger.Info[24] - Connected 127.0.0.1
2023-11-15 17:50:22,395 [23] INFO Log4NetSample.LogUtility.Logger.Info[24] - NotifyCacheUpdated :: eventType: Remove | key: saad | value:  | ExMessage: 
2023-11-15 17:50:23,562 [17] INFO Log4NetSample.LogUtility.Logger.Info[24] - evictionPolicy: Called:
2023-11-15 17:50:33,530 [17] INFO Log4NetSample.LogUtility.Logger.Info[24] - evictionPolicy: Called:
2023-11-15 17:50:42,405 [17] INFO Log4NetSample.LogUtility.Logger.Info[24] - evictionPolicy: Called:
2023-11-16 11:13:12,246 [1] INFO Log4NetSample.LogUtility.Logger.Info[24] - Starting the console application
2023-11-16 11:13:12,314 [1] DEBUG Log4NetSample.LogUtility.Logger.Debug[20] - Starting {MethodBase.GetCurrentMethod()?.DeclaringType}
2023-11-16 11:13:12,330 [1] ERROR Log4NetSample.LogUtility.Logger.Error[28] - Sample Error inside the try catch block code
2023-11-16 11:13:12,332 [1] DEBUG Log4NetSample.LogUtility.Logger.Debug[20] - Waiting for user input
2023-11-16 11:13:13,986 [1] INFO Log4NetSample.LogUtility.Logger.Info[24] - Ending application
2023-11-16 11:13:13,996 [1] INFO Log4NetSample.LogUtility.Logger.Info[24] - Cache Server started on port 8081
2023-11-16 11:13:34,015 [7] INFO Log4NetSample.LogUtility.Logger.Info[24] - evictionPolicy: Called:
2023-11-16 11:13:34,082 [1] INFO Log4NetSample.LogUtility.Logger.Info[24] - Connected 127.0.0.1
2023-11-16 11:13:34,093 [14] INFO Log4NetSample.LogUtility.Logger.Info[24] - NotifyCacheUpdated :: eventType: Init | key:  | value:  | ExMessage: 
2023-11-16 11:13:50,439 [1] INFO Log4NetSample.LogUtility.Logger.Info[24] - Connected 127.0.0.1
2023-11-16 11:13:50,451 [16] INFO Log4NetSample.LogUtility.Logger.Info[24] - NotifyCacheUpdated :: eventType: Add | key: s | value: d | ExMessage: 
2023-11-16 11:13:54,111 [19] INFO Log4NetSample.LogUtility.Logger.Info[24] - evictionPolicy: Called:
2023-11-16 11:14:10,465 [19] INFO Log4NetSample.LogUtility.Logger.Info[24] - evictionPolicy: Called:
2023-11-16 11:14:22,629 [1] INFO Log4NetSample.LogUtility.Logger.Info[24] - Connected 127.0.0.1
2023-11-16 11:14:22,635 [20] INFO Log4NetSample.LogUtility.Logger.Info[24] - NotifyCacheUpdated :: eventType: Add | key: d | value: c | ExMessage: 
2023-11-16 11:14:35,890 [1] INFO Log4NetSample.LogUtility.Logger.Info[24] - Connected 127.0.0.1
2023-11-16 11:14:35,895 [22] INFO Log4NetSample.LogUtility.Logger.Info[24] - NotifyCacheUpdated :: eventType: Add | key: f | value: c | ExMessage: 
2023-11-16 11:14:42,651 [24] INFO Log4NetSample.LogUtility.Logger.Info[24] - evictionPolicy: Called:
2023-11-16 11:14:47,138 [1] INFO Log4NetSample.LogUtility.Logger.Info[24] - Connected 127.0.0.1
2023-11-16 11:14:47,143 [26] INFO Log4NetSample.LogUtility.Logger.Info[24] - NotifyCacheUpdated :: eventType: Add | key: g | value: h | ExMessage: 
2023-11-16 11:14:55,938 [24] INFO Log4NetSample.LogUtility.Logger.Info[24] - evictionPolicy: Called:
2023-11-16 11:15:07,184 [24] INFO Log4NetSample.LogUtility.Logger.Info[24] - evictionPolicy: Called:
2023-11-16 11:15:08,024 [1] INFO Log4NetSample.LogUtility.Logger.Info[24] - Connected 127.0.0.1
2023-11-16 11:15:08,039 [28] INFO Log4NetSample.LogUtility.Logger.Info[24] - NotifyCacheUpdated :: eventType: Remove | key: t | value:  | ExMessage: 
2023-11-16 11:15:28,058 [30] INFO Log4NetSample.LogUtility.Logger.Info[24] - evictionPolicy: Called:
2023-11-16 11:15:50,795 [1] INFO Log4NetSample.LogUtility.Logger.Info[24] - Connected 127.0.0.1
2023-11-16 11:15:50,803 [32] INFO Log4NetSample.LogUtility.Logger.Info[24] - NotifyCacheUpdated :: eventType: Add | key: n | value: m | ExMessage: 
2023-11-16 11:16:02,801 [1] INFO Log4NetSample.LogUtility.Logger.Info[24] - Connected 127.0.0.1
2023-11-16 11:16:02,811 [34] INFO Log4NetSample.LogUtility.Logger.Info[24] - NotifyCacheUpdated :: eventType: Add | key: m | value: k | ExMessage: 
2023-11-16 11:16:10,817 [36] INFO Log4NetSample.LogUtility.Logger.Info[24] - evictionPolicy: Called:
2023-11-16 11:16:10,825 [36] INFO Log4NetSample.LogUtility.Logger.Info[24] - Cache size llimit reached: Removing Key--> s using LFU.
2023-11-16 11:16:22,835 [36] INFO Log4NetSample.LogUtility.Logger.Info[24] - evictionPolicy: Called:
2023-11-16 11:31:49,936 [1] INFO Log4NetSample.LogUtility.Logger.Info[24] - Starting the console application
2023-11-16 11:31:50,023 [1] DEBUG Log4NetSample.LogUtility.Logger.Debug[20] - Starting {MethodBase.GetCurrentMethod()?.DeclaringType}
2023-11-16 11:31:50,041 [1] ERROR Log4NetSample.LogUtility.Logger.Error[28] - Sample Error inside the try catch block code
2023-11-16 11:31:50,043 [1] DEBUG Log4NetSample.LogUtility.Logger.Debug[20] - Waiting for user input
2023-11-16 11:31:52,798 [1] INFO Log4NetSample.LogUtility.Logger.Info[24] - Ending application
2023-11-16 11:31:52,808 [1] INFO Log4NetSample.LogUtility.Logger.Info[24] - Cache Server started on port 8081
2023-11-16 11:32:12,401 [1] INFO Log4NetSample.LogUtility.Logger.Info[24] - Connected 127.0.0.1
2023-11-16 11:32:12,423 [6] INFO Log4NetSample.LogUtility.Logger.Info[24] - NotifyCacheUpdated :: eventType: Init | key:  | value:  | ExMessage: 
2023-11-16 11:32:12,853 [13] INFO Log4NetSample.LogUtility.Logger.Info[24] - EvictionPolicy **Called**
2023-11-16 11:32:32,419 [13] INFO Log4NetSample.LogUtility.Logger.Info[24] - EvictionPolicy **Called**
2023-11-16 11:32:38,259 [1] INFO Log4NetSample.LogUtility.Logger.Info[24] - Connected 127.0.0.1
2023-11-16 11:32:38,268 [15] INFO Log4NetSample.LogUtility.Logger.Info[24] - NotifyCacheUpdated :: eventType: Add | key: s | value: d | ExMessage: 
2023-11-16 11:32:51,811 [1] INFO Log4NetSample.LogUtility.Logger.Info[24] - Connected 127.0.0.1
2023-11-16 11:32:51,817 [17] INFO Log4NetSample.LogUtility.Logger.Info[24] - NotifyCacheUpdated :: eventType: Add | key: f | value: v | ExMessage: 
2023-11-16 11:32:58,286 [19] INFO Log4NetSample.LogUtility.Logger.Info[24] - EvictionPolicy **Called**
2023-11-16 11:33:02,736 [1] INFO Log4NetSample.LogUtility.Logger.Info[24] - Connected 127.0.0.1
2023-11-16 11:33:02,738 [21] INFO Log4NetSample.LogUtility.Logger.Info[24] - NotifyCacheUpdated :: eventType: Add | key: g | value: b | ExMessage: 
2023-11-16 11:33:09,665 [1] INFO Log4NetSample.LogUtility.Logger.Info[24] - Connected 127.0.0.1
2023-11-16 11:33:09,671 [23] INFO Log4NetSample.LogUtility.Logger.Info[24] - NotifyCacheUpdated :: eventType: Add | key: h | value: n | ExMessage: 
2023-11-16 11:33:11,822 [19] INFO Log4NetSample.LogUtility.Logger.Info[24] - EvictionPolicy **Called**
2023-11-16 11:33:22,053 [1] INFO Log4NetSample.LogUtility.Logger.Info[24] - Connected 127.0.0.1
2023-11-16 11:33:22,059 [25] INFO Log4NetSample.LogUtility.Logger.Info[24] - NotifyCacheUpdated :: eventType: Add | key: l | value: o | ExMessage: 
2023-11-16 11:33:22,783 [19] INFO Log4NetSample.LogUtility.Logger.Info[24] - EvictionPolicy **Called**
2023-11-16 11:33:29,674 [19] INFO Log4NetSample.LogUtility.Logger.Info[24] - EvictionPolicy **Called**
2023-11-16 11:33:34,091 [1] INFO Log4NetSample.LogUtility.Logger.Info[24] - Connected 127.0.0.1
2023-11-16 11:33:34,098 [27] INFO Log4NetSample.LogUtility.Logger.Info[24] - NotifyCacheUpdated :: eventType: Add | key: u | value: i | ExMessage: 
2023-11-16 11:33:42,100 [19] INFO Log4NetSample.LogUtility.Logger.Info[24] - EvictionPolicy **Called**
2023-11-16 11:33:42,103 [19] INFO Log4NetSample.LogUtility.Logger.Info[24] - Cache is used upto 80%, Executing LFU evicting policy: Removing Key(s) --> s
2023-11-16 11:33:54,145 [19] INFO Log4NetSample.LogUtility.Logger.Info[24] - EvictionPolicy **Called**
2023-11-16 12:33:25,415 [1] INFO Log4NetSample.LogUtility.Logger.Info[24] - Starting the console application
2023-11-16 12:33:25,508 [1] DEBUG Log4NetSample.LogUtility.Logger.Debug[20] - Starting {MethodBase.GetCurrentMethod()?.DeclaringType}
2023-11-16 12:33:25,520 [1] ERROR Log4NetSample.LogUtility.Logger.Error[28] - Sample Error inside the try catch block code
2023-11-16 12:33:25,521 [1] DEBUG Log4NetSample.LogUtility.Logger.Debug[20] - Waiting for user input
2023-11-16 12:33:27,411 [1] INFO Log4NetSample.LogUtility.Logger.Info[24] - Ending application
2023-11-16 12:33:27,421 [1] INFO Log4NetSample.LogUtility.Logger.Info[24] - Cache Server started on port 8081
2023-11-16 12:33:47,450 [11] INFO Log4NetSample.LogUtility.Logger.Info[24] - EvictionPolicy **Called**
2023-11-16 12:33:57,361 [1] INFO Log4NetSample.LogUtility.Logger.Info[24] - Connected 127.0.0.1
2023-11-16 12:33:57,374 [13] INFO Log4NetSample.LogUtility.Logger.Info[24] - NotifyCacheUpdated :: eventType: Init | key:  | value:  | ExMessage: 
2023-11-16 12:34:05,328 [1] INFO Log4NetSample.LogUtility.Logger.Info[24] - Connected 127.0.0.1
2023-11-16 12:34:05,337 [15] INFO Log4NetSample.LogUtility.Logger.Info[24] - NotifyCacheUpdated :: eventType: Add | key: e | value: s | ExMessage: 
2023-11-16 12:34:10,995 [1] INFO Log4NetSample.LogUtility.Logger.Info[24] - Connected 127.0.0.1
2023-11-16 12:34:11,003 [17] INFO Log4NetSample.LogUtility.Logger.Info[24] - NotifyCacheUpdated :: eventType: Add | key: r | value: s | ExMessage: 
2023-11-16 12:34:16,627 [1] INFO Log4NetSample.LogUtility.Logger.Info[24] - Connected 127.0.0.1
2023-11-16 12:34:16,632 [19] INFO Log4NetSample.LogUtility.Logger.Info[24] - NotifyCacheUpdated :: eventType: Add | key: t | value: s | ExMessage: 
2023-11-16 12:34:17,376 [21] INFO Log4NetSample.LogUtility.Logger.Info[24] - EvictionPolicy **Called**
2023-11-16 12:34:23,494 [1] INFO Log4NetSample.LogUtility.Logger.Info[24] - Connected 127.0.0.1
2023-11-16 12:34:23,499 [23] INFO Log4NetSample.LogUtility.Logger.Info[24] - NotifyCacheUpdated :: eventType: Add | key: y | value: s | ExMessage: 
2023-11-16 12:34:25,344 [21] INFO Log4NetSample.LogUtility.Logger.Info[24] - EvictionPolicy **Called**
2023-11-16 12:34:31,006 [21] INFO Log4NetSample.LogUtility.Logger.Info[24] - EvictionPolicy **Called**
2023-11-16 12:34:31,038 [1] INFO Log4NetSample.LogUtility.Logger.Info[24] - Connected 127.0.0.1
2023-11-16 12:34:31,043 [25] INFO Log4NetSample.LogUtility.Logger.Info[24] - NotifyCacheUpdated :: eventType: Add | key: u | value: s | ExMessage: 
2023-11-16 12:34:36,635 [21] INFO Log4NetSample.LogUtility.Logger.Info[24] - EvictionPolicy **Called**
2023-11-16 12:34:43,528 [21] INFO Log4NetSample.LogUtility.Logger.Info[24] - EvictionPolicy **Called**
2023-11-16 12:34:51,051 [21] INFO Log4NetSample.LogUtility.Logger.Info[24] - EvictionPolicy **Called**
2023-11-16 12:34:52,447 [1] INFO Log4NetSample.LogUtility.Logger.Info[24] - Connected 127.0.0.1
2023-11-16 12:34:52,454 [27] INFO Log4NetSample.LogUtility.Logger.Info[24] - NotifyCacheUpdated :: eventType: Add | key: n | value: b | ExMessage: 
2023-11-16 12:35:00,989 [1] INFO Log4NetSample.LogUtility.Logger.Info[24] - Connected 127.0.0.1
2023-11-16 12:35:00,998 [29] INFO Log4NetSample.LogUtility.Logger.Info[24] - NotifyCacheUpdated :: eventType: Add | key: g | value: h | ExMessage: 
2023-11-16 12:35:12,510 [31] INFO Log4NetSample.LogUtility.Logger.Info[24] - EvictionPolicy **Called**
2023-11-16 12:35:12,516 [31] INFO Log4NetSample.LogUtility.Logger.Info[24] - Cache is used upto 80%, Executing LFU eviction policy: Removing Key(s) --> e
2023-11-16 12:35:21,036 [31] INFO Log4NetSample.LogUtility.Logger.Info[24] - EvictionPolicy **Called**
2023-11-16 12:35:21,037 [31] INFO Log4NetSample.LogUtility.Logger.Info[24] - Cache is used upto 80%, Executing LFU eviction policy: Removing Key(s) --> r
2023-11-16 14:51:44,582 [1] INFO Log4NetSample.LogUtility.Logger.Info[24] - Cache Server started on port 8081
2023-11-16 14:52:04,663 [7] INFO Log4NetSample.LogUtility.Logger.Info[24] - EvictionPolicy **Called**
2023-11-16 14:52:12,132 [1] INFO Log4NetSample.LogUtility.Logger.Info[24] - Connected 127.0.0.1
2023-11-16 14:53:08,880 [1] INFO Log4NetSample.LogUtility.Logger.Info[24] - Cache Server started on port 8081
2023-11-16 14:53:21,445 [1] INFO Log4NetSample.LogUtility.Logger.Info[24] - Connected 127.0.0.1
2023-11-16 14:53:21,455 [12] INFO Log4NetSample.LogUtility.Logger.Info[24] - NotifyCacheUpdated :: eventType: Init | key:  | value:  | ExMessage: 
2023-11-16 14:53:28,955 [6] INFO Log4NetSample.LogUtility.Logger.Info[24] - EvictionPolicy **Called**
2023-11-16 14:53:41,451 [6] INFO Log4NetSample.LogUtility.Logger.Info[24] - EvictionPolicy **Called**
2023-11-16 14:53:50,794 [1] INFO Log4NetSample.LogUtility.Logger.Info[24] - Cache Server started on port 8081
2023-11-16 14:54:05,653 [1] INFO Log4NetSample.LogUtility.Logger.Info[24] - Connected 127.0.0.1
2023-11-16 14:54:05,663 [6] INFO Log4NetSample.LogUtility.Logger.Info[24] - NotifyCacheUpdated :: eventType: Init | key:  | value:  | ExMessage: 
2023-11-16 14:54:10,842 [14] INFO Log4NetSample.LogUtility.Logger.Info[24] - EvictionPolicy **Called**
2023-11-16 14:54:25,677 [14] INFO Log4NetSample.LogUtility.Logger.Info[24] - EvictionPolicy **Called**
2023-11-16 15:19:29,599 [1] INFO Log4NetSample.LogUtility.Logger.Info[24] - Cache Server started on port 8081
2023-11-16 15:20:40,442 [1] INFO Log4NetSample.LogUtility.Logger.Info[24] - Cache Server started on port 8081
2023-11-16 15:22:27,801 [1] INFO Log4NetSample.LogUtility.Logger.Info[24] - Cache Server started on port 8081
2023-11-16 15:22:47,829 [7] INFO Log4NetSample.LogUtility.Logger.Info[24] - EvictionPolicy **Called**
2023-11-16 15:22:58,344 [1] INFO Log4NetSample.LogUtility.Logger.Info[24] - Connected 127.0.0.1
2023-11-16 15:22:58,348 [10] INFO Log4NetSample.LogUtility.Logger.Info[24] - NotifyCacheUpdated :: eventType: Init | key:  | value:  | ExMessage: 
2023-11-16 15:23:18,358 [6] INFO Log4NetSample.LogUtility.Logger.Info[24] - EvictionPolicy **Called**
2023-11-16 15:27:17,308 [3] INFO Log4NetSample.LogUtility.Logger.Info[24] - Cache Server stopped
2023-11-16 15:27:17,313 [3] INFO Log4NetSample.LogUtility.Logger.Info[24] - Client closed!
2023-11-16 15:28:12,018 [1] INFO Log4NetSample.LogUtility.Logger.Info[24] - Cache Server started on port 8081
2023-11-16 15:28:32,075 [3] INFO Log4NetSample.LogUtility.Logger.Info[24] - EvictionPolicy **Called**
2023-11-16 15:28:37,764 [1] INFO Log4NetSample.LogUtility.Logger.Info[24] - Connected 127.0.0.1
2023-11-16 15:28:37,771 [14] INFO Log4NetSample.LogUtility.Logger.Info[24] - NotifyCacheUpdated :: eventType: Init | key:  | value:  | ExMessage: 
2023-11-16 15:28:57,779 [9] INFO Log4NetSample.LogUtility.Logger.Info[24] - EvictionPolicy **Called**
2023-11-16 15:42:59,498 [1] INFO Log4NetSample.LogUtility.Logger.Info[24] - Cache Server started on port 8081
2023-11-16 15:43:17,496 [1] INFO Log4NetSample.LogUtility.Logger.Info[24] - Connected 127.0.0.1
2023-11-16 15:43:17,504 [13] INFO Log4NetSample.LogUtility.Logger.Info[24] - NotifyCacheUpdated :: eventType: Init | key:  | value:  | ExMessage: 
2023-11-16 15:43:22,368 [15] INFO Log4NetSample.LogUtility.Logger.Info[24] - EvictionPolicy **Called**
2023-11-16 15:43:37,513 [15] INFO Log4NetSample.LogUtility.Logger.Info[24] - EvictionPolicy **Called**
2023-11-16 16:06:36,317 [1] INFO Log4NetSample.LogUtility.Logger.Info[24] - Cache Server started on port 8081
2023-11-16 16:06:56,342 [7] INFO Log4NetSample.LogUtility.Logger.Info[24] - EvictionPolicy **Called**
2023-11-16 16:07:02,019 [1] INFO Log4NetSample.LogUtility.Logger.Info[24] - Connected 127.0.0.1
2023-11-16 16:07:02,027 [10] INFO Log4NetSample.LogUtility.Logger.Info[24] - NotifyCacheUpdated :: eventType: Init | key:  | value:  | ExMessage: 
2023-11-16 16:07:22,032 [6] INFO Log4NetSample.LogUtility.Logger.Info[24] - EvictionPolicy **Called**
2023-11-16 18:17:13,715 [3] INFO Log4NetSample.LogUtility.Logger.Info[24] - Cache Server stopped
2023-11-16 18:17:13,718 [3] INFO Log4NetSample.LogUtility.Logger.Info[24] - Client closed!
2023-11-16 18:18:57,236 [5] INFO Log4NetSample.LogUtility.Logger.Info[24] - Cache Server started on port 8081
2023-11-16 18:19:17,283 [10] INFO Log4NetSample.LogUtility.Logger.Info[24] - EvictionPolicy **Called**
2023-11-16 18:25:54,590 [5] INFO Log4NetSample.LogUtility.Logger.Info[24] - Connected 127.0.0.1
2023-11-16 18:25:54,596 [13] INFO Log4NetSample.LogUtility.Logger.Info[24] - NotifyCacheUpdated :: eventType: Init | key:  | value:  | ExMessage: 
2023-11-16 18:26:14,599 [12] INFO Log4NetSample.LogUtility.Logger.Info[24] - EvictionPolicy **Called**
